<?xml version="1.0" encoding="UTF-8"?>
<testsuite xmlns:xsi="http://www.w3.org/2001/XMLSchema-instance" xsi:noNamespaceSchemaLocation="https://maven.apache.org/surefire/maven-surefire-plugin/xsd/surefire-test-report.xsd" name="org.unict.domain.ArtistaTest" time="0.008" tests="6" errors="0" skipped="0" failures="0">
  <properties>
[...]
</properties>
  <testcase name="testsetNomeArtista" classname="org.unict.domain.ArtistaTest" time="0.001"/>
  <testcase name="testsetCodiceArtista" classname="org.unict.domain.ArtistaTest" time="0"/>
  <testcase name="testsetGenereMusicale" classname="org.unict.domain.ArtistaTest" time="0"/>
  <testcase name="testgetGenereMusicale" classname="org.unict.domain.ArtistaTest" time="0"/>
  <testcase name="testgetNomeArtista" classname="org.unict.domain.ArtistaTest" time="0"/>
  <testcase name="testgetCodiceArtista" classname="org.unict.domain.ArtistaTest" time="0"/>
</testsuite>